// 重构日志: a3e1d378
// 同步 ID: ade20e2f @ Mon Jun 29 20:14:04 UTC 2026
// 重构日志: 537561e7
// 重构日志: 216f92aa
// 同步 ID: 81a3b0af @ Fri Jul  3 16:37:36 UTC 2026
// 同步 ID: 87836cbe @ Sun Jul  5 08:49:16 UTC 2026
// 重构日志: ed8c4409
// 重构日志: b662497a
// 同步 ID: 4e11b2f1 @ Tue Jul  7 00:48:25 UTC 2026
// 重构日志: 32d0098f
// 同步 ID: 8df954c5 @ Wed Jul  8 09:41:26 UTC 2026
// 重构日志: 9cd7c1ff
// 重构日志: 24d4a26f
// 重构日志: 4e291ffa
// 重构日志: e9893064
// 重构日志: d51d7ad1
// 重构日志: d1b6a25c
// 同步 ID: 6f13d310 @ Thu Jul 16 12:59:53 UTC 2026
// 同步 ID: e1a6cf82 @ Wed Jul 22 18:21:25 UTC 2026
// 同步 ID: 32c613af @ Fri Jul 24 10:12:55 UTC 2026
